Success (16):
content 9716 _a-0000e2cb-d2c4-8000-23f0-01ef9001ef90_44951 "PS Rules and Constants"
content 9717 _a-0000e2cb-d2c4-8000-23f0-01ef9001ef90_44956 "PS_CONS1"
content 9718 _a-0000e2cb-d2c4-8000-23f0-01ef9001ef90_44962 "PS_CONS_2"
content 9719 _a-0000e2cb-d2c4-8000-23f0-01ef9001ef90_44968 "PS_CONS_3"
content 9720 _a-0000e2cb-d2c4-8000-23f0-01ef9001ef90_45302 "PS_EMOPLOYEE"
content 9721 _a-0000e2cb-d2c4-8000-23f0-01ef9001ef90_45308 "PS_CUSOMER_1"
content 9722 _a-0000e2cb-d2c4-8000-23f0-01ef9001ef90_45468 "PS_GetEmployee"
content 9723 _a-0000e2cb-d2c4-8000-23f0-01ef9001ef90_45488 "PS_getCustomer"
content 9724 _a-0000e2cb-d2c4-8000-23f0-01ef9001ef90_45569 "PS_getUsername"
content 9725 _a-0000e2cb-d2c4-8000-23f0-01ef9001ef90_45632 "PS_uiSectionCapturePaymentDetails"
content 9726 _a-0000e2cb-d2c4-8000-23f0-01ef9001ef90_45665 "PAS_getCustomer"
content 9727 _a-0000e2cb-d2c4-8000-23f0-01ef9001ef90_45671 "PAS_getPrimaryDetails"
content 9728 _a-0000e2cb-d2c4-8000-23f0-01ef9001ef90_45677 "PAS_CUSTOMER_ID"
content 10116 _a-0000e363-95bf-8000-e9cb-01ef9001ef90_57005 "PAY_TEstRule"
content 10117 75038c12-6af1-41f4-83d2-8e0ddd8e69f2 "TEstInteg"
application 9729 _a-0000e2cb-d2c4-8000-23f0-01ef9001ef90_44946 "Payment Screening"

Referenced precedents that were not exported (1):
user saikirank saikirank

Trace:
2020-02-04 10:11:32.936 DEBUG application 9729 _a-0000e2cb-d2c4-8000-23f0-01ef9001ef90_44946 Begin transport.
2020-02-04 10:11:32.936 DEBUG application 9729 _a-0000e2cb-d2c4-8000-23f0-01ef9001ef90_44946 Retrieving object data.
2020-02-04 10:11:32.941 DEBUG application 9729 _a-0000e2cb-d2c4-8000-23f0-01ef9001ef90_44946 App associated objects: [content=[_a-0000e2cb-d2c4-8000-23f0-01ef9001ef90_44951, _a-0000e2cb-d2c4-8000-23f0-01ef9001ef90_44956, _a-0000e2cb-d2c4-8000-23f0-01ef9001ef90_44962, _a-0000e2cb-d2c4-8000-23f0-01ef9001ef90_44968, _a-0000e2cb-d2c4-8000-23f0-01ef9001ef90_45302, _a-0000e2cb-d2c4-8000-23f0-01ef9001ef90_45308, _a-0000e2cb-d2c4-8000-23f0-01ef9001ef90_45468, _a-0000e2cb-d2c4-8000-23f0-01ef9001ef90_45488, _a-0000e2cb-d2c4-8000-23f0-01ef9001ef90_45569, _a-0000e2cb-d2c4-8000-23f0-01ef9001ef90_45632, _a-0000e2cb-d2c4-8000-23f0-01ef9001ef90_45665, _a-0000e2cb-d2c4-8000-23f0-01ef9001ef90_45671, _a-0000e2cb-d2c4-8000-23f0-01ef9001ef90_45677, _a-0000e363-95bf-8000-e9cb-01ef9001ef90_57005, 75038c12-6af1-41f4-83d2-8e0ddd8e69f2]]
2020-02-04 10:11:32.943 DEBUG application 9729 _a-0000e2cb-d2c4-8000-23f0-01ef9001ef90_44946 Invalid associated objects: []
2020-02-04 10:11:32.943 DEBUG application 9729 _a-0000e2cb-d2c4-8000-23f0-01ef9001ef90_44946 Adding valid associated objects to be exported: GlobalBindingMap[content={_a-0000e2cb-d2c4-8000-23f0-01ef9001ef90_44951=9716, _a-0000e2cb-d2c4-8000-23f0-01ef9001ef90_44956=9717, _a-0000e2cb-d2c4-8000-23f0-01ef9001ef90_44962=9718, _a-0000e2cb-d2c4-8000-23f0-01ef9001ef90_44968=9719, _a-0000e2cb-d2c4-8000-23f0-01ef9001ef90_45302=9720, _a-0000e2cb-d2c4-8000-23f0-01ef9001ef90_45308=9721, _a-0000e2cb-d2c4-8000-23f0-01ef9001ef90_45468=9722, _a-0000e2cb-d2c4-8000-23f0-01ef9001ef90_45488=9723, _a-0000e2cb-d2c4-8000-23f0-01ef9001ef90_45569=9724, _a-0000e2cb-d2c4-8000-23f0-01ef9001ef90_45632=9725, _a-0000e2cb-d2c4-8000-23f0-01ef9001ef90_45665=9726, _a-0000e2cb-d2c4-8000-23f0-01ef9001ef90_45671=9727, _a-0000e2cb-d2c4-8000-23f0-01ef9001ef90_45677=9728, _a-0000e363-95bf-8000-e9cb-01ef9001ef90_57005=10116, 75038c12-6af1-41f4-83d2-8e0ddd8e69f2=10117}]
2020-02-04 10:11:32.943 DEBUG application 9729 _a-0000e2cb-d2c4-8000-23f0-01ef9001ef90_44946 Setting uuids of object references.
2020-02-04 10:11:32.945 DEBUG application 9729 _a-0000e2cb-d2c4-8000-23f0-01ef9001ef90_44946 Processing reference: Application.forum
2020-02-04 10:11:32.946 DEBUG application 9729 _a-0000e2cb-d2c4-8000-23f0-01ef9001ef90_44946 Processing reference: Application.parent
2020-02-04 10:11:32.951 DEBUG application 9729 _a-0000e2cb-d2c4-8000-23f0-01ef9001ef90_44946 Processing reference: com.appiancorp.suiteapi.content.ContentRoleMap@3e723570[
  ContentRole[name=readers,inherit=false,allowForAll=false]
  ContentRole[name=authors,inherit=false,allowForAll=false]
  ContentRole[name=administrators,usernames=[saikirank],inherit=false,allowForAll=false]
  ContentRole[name=denyReaders,inherit=false,allowForAll=false]
  ContentRole[name=denyAuthors,inherit=false,allowForAll=false]
  ContentRole[name=denyAdministrators,inherit=false,allowForAll=false]
  securityVector=129:SEC_PUBLIC=true,SEC_CREATOR_ADMIN=true,SEC_INH_ADMIN=false,SEC_INH_EDITOR=false,SEC_INH_VIEWER=false,SEC_ALL_ADMIN=false,SEC_ALL_EDITOR=false,SEC_ALL_VIEWER=false
]
2020-02-04 10:11:32.951 DEBUG application 9729 _a-0000e2cb-d2c4-8000-23f0-01ef9001ef90_44946 Processing reference: ContentRole[name=readers,inherit=false,allowForAll=false]
2020-02-04 10:11:32.951 DEBUG application 9729 _a-0000e2cb-d2c4-8000-23f0-01ef9001ef90_44946 Processing reference: ContentRole[name=authors,inherit=false,allowForAll=false]
2020-02-04 10:11:32.951 DEBUG application 9729 _a-0000e2cb-d2c4-8000-23f0-01ef9001ef90_44946 Processing reference: ContentRole[name=administrators,usernames=[saikirank],inherit=false,allowForAll=false]
2020-02-04 10:11:32.953 DEBUG application 9729 _a-0000e2cb-d2c4-8000-23f0-01ef9001ef90_44946 Processing reference: ContentRole[name=denyReaders,inherit=false,allowForAll=false]
2020-02-04 10:11:32.953 DEBUG application 9729 _a-0000e2cb-d2c4-8000-23f0-01ef9001ef90_44946 Processing reference: ContentRole[name=denyAuthors,inherit=false,allowForAll=false]
2020-02-04 10:11:32.953 DEBUG application 9729 _a-0000e2cb-d2c4-8000-23f0-01ef9001ef90_44946 Processing reference: ContentRole[name=denyAdministrators,inherit=false,allowForAll=false]
2020-02-04 10:11:32.959 DEBUG content 9716 _a-0000e2cb-d2c4-8000-23f0-01ef9001ef90_44951 Begin transport.
2020-02-04 10:11:32.959 DEBUG content 9716 _a-0000e2cb-d2c4-8000-23f0-01ef9001ef90_44951 Retrieving object data.
2020-02-04 10:11:32.969 DEBUG content 9716 _a-0000e2cb-d2c4-8000-23f0-01ef9001ef90_44951 Setting uuids of object references.
2020-02-04 10:11:32.969 DEBUG content 9716 _a-0000e2cb-d2c4-8000-23f0-01ef9001ef90_44951 Processing reference: RulesFolder.forum
2020-02-04 10:11:32.97 DEBUG content 9716 _a-0000e2cb-d2c4-8000-23f0-01ef9001ef90_44951 Processing reference: RulesFolder.parent
2020-02-04 10:11:32.973 DEBUG content 9716 _a-0000e2cb-d2c4-8000-23f0-01ef9001ef90_44951 Processing reference: com.appiancorp.suiteapi.content.ContentRoleMap@2c94b4a5[
  ContentRole[name=readers,inherit=false,allowForAll=false]
  ContentRole[name=authors,inherit=false,allowForAll=false]
  ContentRole[name=administrators,inherit=false,allowForAll=false]
  ContentRole[name=denyReaders,inherit=false,allowForAll=false]
  ContentRole[name=denyAuthors,inherit=false,allowForAll=false]
  ContentRole[name=denyAdministrators,inherit=false,allowForAll=false]
  securityVector=1:SEC_PUBLIC=true,SEC_CREATOR_ADMIN=false,SEC_INH_ADMIN=false,SEC_INH_EDITOR=false,SEC_INH_VIEWER=false,SEC_ALL_ADMIN=false,SEC_ALL_EDITOR=false,SEC_ALL_VIEWER=false
]
2020-02-04 10:11:32.973 DEBUG content 9716 _a-0000e2cb-d2c4-8000-23f0-01ef9001ef90_44951 Processing reference: ContentRole[name=readers,inherit=false,allowForAll=false]
2020-02-04 10:11:32.973 DEBUG content 9716 _a-0000e2cb-d2c4-8000-23f0-01ef9001ef90_44951 Processing reference: ContentRole[name=authors,inherit=false,allowForAll=false]
2020-02-04 10:11:32.974 DEBUG content 9716 _a-0000e2cb-d2c4-8000-23f0-01ef9001ef90_44951 Processing reference: ContentRole[name=administrators,inherit=false,allowForAll=false]
2020-02-04 10:11:32.974 DEBUG content 9716 _a-0000e2cb-d2c4-8000-23f0-01ef9001ef90_44951 Processing reference: ContentRole[name=denyReaders,inherit=false,allowForAll=false]
2020-02-04 10:11:32.974 DEBUG content 9716 _a-0000e2cb-d2c4-8000-23f0-01ef9001ef90_44951 Processing reference: ContentRole[name=denyAuthors,inherit=false,allowForAll=false]
2020-02-04 10:11:32.974 DEBUG content 9716 _a-0000e2cb-d2c4-8000-23f0-01ef9001ef90_44951 Processing reference: ContentRole[name=denyAdministrators,inherit=false,allowForAll=false]
2020-02-04 10:11:32.974 DEBUG content 9716 _a-0000e2cb-d2c4-8000-23f0-01ef9001ef90_44951 Completing produce.
2020-02-04 10:11:32.974 DEBUG content 9716 _a-0000e2cb-d2c4-8000-23f0-01ef9001ef90_44951 Exporting binary resources.
2020-02-04 10:11:32.974 DEBUG content 9716 _a-0000e2cb-d2c4-8000-23f0-01ef9001ef90_44951 Serializing object to XML.
2020-02-04 10:11:32.974 DEBUG content 9716 _a-0000e2cb-d2c4-8000-23f0-01ef9001ef90_44951 Object transported.
2020-02-04 10:11:32.974 DEBUG content 9717 _a-0000e2cb-d2c4-8000-23f0-01ef9001ef90_44956 Begin transport.
2020-02-04 10:11:32.974 DEBUG content 9717 _a-0000e2cb-d2c4-8000-23f0-01ef9001ef90_44956 Retrieving object data.
2020-02-04 10:11:32.984 DEBUG content 9717 _a-0000e2cb-d2c4-8000-23f0-01ef9001ef90_44956 Setting uuids of object references.
2020-02-04 10:11:32.984 DEBUG content 9717 _a-0000e2cb-d2c4-8000-23f0-01ef9001ef90_44956 Processing reference: [Content:id=9717,versionId=-1,name=PS_CONS1,type=32,subtype=0,uuid=_a-0000e2cb-d2c4-8000-23f0-01ef9001ef90_44956,parent=9716]
2020-02-04 10:11:32.984 DEBUG content 9717 _a-0000e2cb-d2c4-8000-23f0-01ef9001ef90_44956 Processing reference: Constant.forum
2020-02-04 10:11:32.985 DEBUG content 9717 _a-0000e2cb-d2c4-8000-23f0-01ef9001ef90_44956 Processing reference: Constant.parent
2020-02-04 10:11:32.989 DEBUG content 9717 _a-0000e2cb-d2c4-8000-23f0-01ef9001ef90_44956 Processing reference: com.appiancorp.suiteapi.content.ContentRoleMap@41feee7c[
  ContentRole[name=readers,inherit=true,allowForAll=false]
  ContentRole[name=authors,inherit=true,allowForAll=false]
  ContentRole[name=administrators,inherit=true,allowForAll=false]
  ContentRole[name=denyReaders,inherit=false,allowForAll=false]
  ContentRole[name=denyAuthors,inherit=false,allowForAll=false]
  ContentRole[name=denyAdministrators,inherit=false,allowForAll=false]
  securityVector=15:SEC_PUBLIC=true,SEC_CREATOR_ADMIN=false,SEC_INH_ADMIN=true,SEC_INH_EDITOR=true,SEC_INH_VIEWER=true,SEC_ALL_ADMIN=false,SEC_ALL_EDITOR=false,SEC_ALL_VIEWER=false
]
2020-02-04 10:11:32.989 DEBUG content 9717 _a-0000e2cb-d2c4-8000-23f0-01ef9001ef90_44956 Processing reference: ContentRole[name=readers,inherit=true,allowForAll=false]
2020-02-04 10:11:32.989 DEBUG content 9717 _a-0000e2cb-d2c4-8000-23f0-01ef9001ef90_44956 Processing reference: ContentRole[name=authors,inherit=true,allowForAll=false]
2020-02-04 10:11:32.989 DEBUG content 9717 _a-0000e2cb-d2c4-8000-23f0-01ef9001ef90_44956 Processing reference: ContentRole[name=administrators,inherit=true,allowForAll=false]
2020-02-04 10:11:32.989 DEBUG content 9717 _a-0000e2cb-d2c4-8000-23f0-01ef9001ef90_44956 Processing reference: ContentRole[name=denyReaders,inherit=false,allowForAll=false]
2020-02-04 10:11:32.989 DEBUG content 9717 _a-0000e2cb-d2c4-8000-23f0-01ef9001ef90_44956 Processing reference: ContentRole[name=denyAuthors,inherit=false,allowForAll=false]
2020-02-04 10:11:32.989 DEBUG content 9717 _a-0000e2cb-d2c4-8000-23f0-01ef9001ef90_44956 Processing reference: ContentRole[name=denyAdministrators,inherit=false,allowForAll=false]
2020-02-04 10:11:32.99 DEBUG content 9717 _a-0000e2cb-d2c4-8000-23f0-01ef9001ef90_44956 Completing produce.
2020-02-04 10:11:32.99 DEBUG content 9717 _a-0000e2cb-d2c4-8000-23f0-01ef9001ef90_44956 Exporting binary resources.
2020-02-04 10:11:32.99 DEBUG content 9717 _a-0000e2cb-d2c4-8000-23f0-01ef9001ef90_44956 Serializing object to XML.
2020-02-04 10:11:33.127 DEBUG content 9717 _a-0000e2cb-d2c4-8000-23f0-01ef9001ef90_44956 Object transported.
2020-02-04 10:11:33.127 DEBUG content 9718 _a-0000e2cb-d2c4-8000-23f0-01ef9001ef90_44962 Begin transport.
2020-02-04 10:11:33.127 DEBUG content 9718 _a-0000e2cb-d2c4-8000-23f0-01ef9001ef90_44962 Retrieving object data.
2020-02-04 10:11:33.137 DEBUG content 9718 _a-0000e2cb-d2c4-8000-23f0-01ef9001ef90_44962 Setting uuids of object references.
2020-02-04 10:11:33.137 DEBUG content 9718 _a-0000e2cb-d2c4-8000-23f0-01ef9001ef90_44962 Processing reference: [Content:id=9718,versionId=-1,name=PS_CONS_2,type=32,subtype=0,uuid=_a-0000e2cb-d2c4-8000-23f0-01ef9001ef90_44962,parent=9716]
2020-02-04 10:11:33.138 DEBUG content 9718 _a-0000e2cb-d2c4-8000-23f0-01ef9001ef90_44962 Processing reference: Constant.forum
2020-02-04 10:11:33.138 DEBUG content 9718 _a-0000e2cb-d2c4-8000-23f0-01ef9001ef90_44962 Processing reference: Constant.parent
2020-02-04 10:11:33.141 DEBUG content 9718 _a-0000e2cb-d2c4-8000-23f0-01ef9001ef90_44962 Processing reference: com.appiancorp.suiteapi.content.ContentRoleMap@1e32b129[
  ContentRole[name=readers,inherit=true,allowForAll=false]
  ContentRole[name=authors,inherit=true,allowForAll=false]
  ContentRole[name=administrators,inherit=true,allowForAll=false]
  ContentRole[name=denyReaders,inherit=false,allowForAll=false]
  ContentRole[name=denyAuthors,inherit=false,allowForAll=false]
  ContentRole[name=denyAdministrators,inherit=false,allowForAll=false]
  securityVector=15:SEC_PUBLIC=true,SEC_CREATOR_ADMIN=false,SEC_INH_ADMIN=true,SEC_INH_EDITOR=true,SEC_INH_VIEWER=true,SEC_ALL_ADMIN=false,SEC_ALL_EDITOR=false,SEC_ALL_VIEWER=false
]
2020-02-04 10:11:33.141 DEBUG content 9718 _a-0000e2cb-d2c4-8000-23f0-01ef9001ef90_44962 Processing reference: ContentRole[name=readers,inherit=true,allowForAll=false]
2020-02-04 10:11:33.142 DEBUG content 9718 _a-0000e2cb-d2c4-8000-23f0-01ef9001ef90_44962 Processing reference: ContentRole[name=authors,inherit=true,allowForAll=false]
2020-02-04 10:11:33.142 DEBUG content 9718 _a-0000e2cb-d2c4-8000-23f0-01ef9001ef90_44962 Processing reference: ContentRole[name=administrators,inherit=true,allowForAll=false]
2020-02-04 10:11:33.142 DEBUG content 9718 _a-0000e2cb-d2c4-8000-23f0-01ef9001ef90_44962 Processing reference: ContentRole[name=denyReaders,inherit=false,allowForAll=false]
2020-02-04 10:11:33.142 DEBUG content 9718 _a-0000e2cb-d2c4-8000-23f0-01ef9001ef90_44962 Processing reference: ContentRole[name=denyAuthors,inherit=false,allowForAll=false]
2020-02-04 10:11:33.142 DEBUG content 9718 _a-0000e2cb-d2c4-8000-23f0-01ef9001ef90_44962 Processing reference: ContentRole[name=denyAdministrators,inherit=false,allowForAll=false]
2020-02-04 10:11:33.142 DEBUG content 9718 _a-0000e2cb-d2c4-8000-23f0-01ef9001ef90_44962 Completing produce.
2020-02-04 10:11:33.142 DEBUG content 9718 _a-0000e2cb-d2c4-8000-23f0-01ef9001ef90_44962 Exporting binary resources.
2020-02-04 10:11:33.142 DEBUG content 9718 _a-0000e2cb-d2c4-8000-23f0-01ef9001ef90_44962 Serializing object to XML.
2020-02-04 10:11:33.147 DEBUG content 9718 _a-0000e2cb-d2c4-8000-23f0-01ef9001ef90_44962 Object transported.
2020-02-04 10:11:33.147 DEBUG content 9719 _a-0000e2cb-d2c4-8000-23f0-01ef9001ef90_44968 Begin transport.
2020-02-04 10:11:33.147 DEBUG content 9719 _a-0000e2cb-d2c4-8000-23f0-01ef9001ef90_44968 Retrieving object data.
2020-02-04 10:11:33.157 DEBUG content 9719 _a-0000e2cb-d2c4-8000-23f0-01ef9001ef90_44968 Setting uuids of object references.
2020-02-04 10:11:33.157 DEBUG content 9719 _a-0000e2cb-d2c4-8000-23f0-01ef9001ef90_44968 Processing reference: [Content:id=9719,versionId=-1,name=PS_CONS_3,type=32,subtype=0,uuid=_a-0000e2cb-d2c4-8000-23f0-01ef9001ef90_44968,parent=9716]
2020-02-04 10:11:33.157 DEBUG content 9719 _a-0000e2cb-d2c4-8000-23f0-01ef9001ef90_44968 Processing reference: Constant.forum
2020-02-04 10:11:33.158 DEBUG content 9719 _a-0000e2cb-d2c4-8000-23f0-01ef9001ef90_44968 Processing reference: Constant.parent
2020-02-04 10:11:33.161 DEBUG content 9719 _a-0000e2cb-d2c4-8000-23f0-01ef9001ef90_44968 Processing reference: com.appiancorp.suiteapi.content.ContentRoleMap@1976329a[
  ContentRole[name=readers,inherit=true,allowForAll=false]
  ContentRole[name=authors,inherit=true,allowForAll=false]
  ContentRole[name=administrators,inherit=true,allowForAll=false]
  ContentRole[name=denyReaders,inherit=false,allowForAll=false]
  ContentRole[name=denyAuthors,inherit=false,allowForAll=false]
  ContentRole[name=denyAdministrators,inherit=false,allowForAll=false]
  securityVector=15:SEC_PUBLIC=true,SEC_CREATOR_ADMIN=false,SEC_INH_ADMIN=true,SEC_INH_EDITOR=true,SEC_INH_VIEWER=true,SEC_ALL_ADMIN=false,SEC_ALL_EDITOR=false,SEC_ALL_VIEWER=false
]
2020-02-04 10:11:33.161 DEBUG content 9719 _a-0000e2cb-d2c4-8000-23f0-01ef9001ef90_44968 Processing reference: ContentRole[name=readers,inherit=true,allowForAll=false]
2020-02-04 10:11:33.161 DEBUG content 9719 _a-0000e2cb-d2c4-8000-23f0-01ef9001ef90_44968 Processing reference: ContentRole[name=authors,inherit=true,allowForAll=false]
2020-02-04 10:11:33.161 DEBUG content 9719 _a-0000e2cb-d2c4-8000-23f0-01ef9001ef90_44968 Processing reference: ContentRole[name=administrators,inherit=true,allowForAll=false]
2020-02-04 10:11:33.161 DEBUG content 9719 _a-0000e2cb-d2c4-8000-23f0-01ef9001ef90_44968 Processing reference: ContentRole[name=denyReaders,inherit=false,allowForAll=false]
2020-02-04 10:11:33.161 DEBUG content 9719 _a-0000e2cb-d2c4-8000-23f0-01ef9001ef90_44968 Processing reference: ContentRole[name=denyAuthors,inherit=false,allowForAll=false]
2020-02-04 10:11:33.161 DEBUG content 9719 _a-0000e2cb-d2c4-8000-23f0-01ef9001ef90_44968 Processing reference: ContentRole[name=denyAdministrators,inherit=false,allowForAll=false]
2020-02-04 10:11:33.161 DEBUG content 9719 _a-0000e2cb-d2c4-8000-23f0-01ef9001ef90_44968 Completing produce.
2020-02-04 10:11:33.161 DEBUG content 9719 _a-0000e2cb-d2c4-8000-23f0-01ef9001ef90_44968 Exporting binary resources.
2020-02-04 10:11:33.161 DEBUG content 9719 _a-0000e2cb-d2c4-8000-23f0-01ef9001ef90_44968 Serializing object to XML.
2020-02-04 10:11:33.166 DEBUG content 9719 _a-0000e2cb-d2c4-8000-23f0-01ef9001ef90_44968 Object transported.
2020-02-04 10:11:33.166 DEBUG content 9720 _a-0000e2cb-d2c4-8000-23f0-01ef9001ef90_45302 Begin transport.
2020-02-04 10:11:33.166 DEBUG content 9720 _a-0000e2cb-d2c4-8000-23f0-01ef9001ef90_45302 Retrieving object data.
2020-02-04 10:11:33.176 DEBUG content 9720 _a-0000e2cb-d2c4-8000-23f0-01ef9001ef90_45302 Setting uuids of object references.
2020-02-04 10:11:33.176 DEBUG content 9720 _a-0000e2cb-d2c4-8000-23f0-01ef9001ef90_45302 Processing reference: [Content:id=9720,versionId=-1,name=PS_EMOPLOYEE,type=32,subtype=0,uuid=_a-0000e2cb-d2c4-8000-23f0-01ef9001ef90_45302,parent=9716]
2020-02-04 10:11:33.176 DEBUG content 9720 _a-0000e2cb-d2c4-8000-23f0-01ef9001ef90_45302 Processing reference: Constant.forum
2020-02-04 10:11:33.177 DEBUG content 9720 _a-0000e2cb-d2c4-8000-23f0-01ef9001ef90_45302 Processing reference: Constant.parent
2020-02-04 10:11:33.18 DEBUG content 9720 _a-0000e2cb-d2c4-8000-23f0-01ef9001ef90_45302 Processing reference: com.appiancorp.suiteapi.content.ContentRoleMap@6b2c7b1[
  ContentRole[name=readers,inherit=true,allowForAll=false]
  ContentRole[name=authors,inherit=true,allowForAll=false]
  ContentRole[name=administrators,inherit=true,allowForAll=false]
  ContentRole[name=denyReaders,inherit=false,allowForAll=false]
  ContentRole[name=denyAuthors,inherit=false,allowForAll=false]
  ContentRole[name=denyAdministrators,inherit=false,allowForAll=false]
  securityVector=15:SEC_PUBLIC=true,SEC_CREATOR_ADMIN=false,SEC_INH_ADMIN=true,SEC_INH_EDITOR=true,SEC_INH_VIEWER=true,SEC_ALL_ADMIN=false,SEC_ALL_EDITOR=false,SEC_ALL_VIEWER=false
]
2020-02-04 10:11:33.18 DEBUG content 9720 _a-0000e2cb-d2c4-8000-23f0-01ef9001ef90_45302 Processing reference: ContentRole[name=readers,inherit=true,allowForAll=false]
2020-02-04 10:11:33.18 DEBUG content 9720 _a-0000e2cb-d2c4-8000-23f0-01ef9001ef90_45302 Processing reference: ContentRole[name=authors,inherit=true,allowForAll=false]
2020-02-04 10:11:33.18 DEBUG content 9720 _a-0000e2cb-d2c4-8000-23f0-01ef9001ef90_45302 Processing reference: ContentRole[name=administrators,inherit=true,allowForAll=false]
2020-02-04 10:11:33.18 DEBUG content 9720 _a-0000e2cb-d2c4-8000-23f0-01ef9001ef90_45302 Processing reference: ContentRole[name=denyReaders,inherit=false,allowForAll=false]
2020-02-04 10:11:33.18 DEBUG content 9720 _a-0000e2cb-d2c4-8000-23f0-01ef9001ef90_45302 Processing reference: ContentRole[name=denyAuthors,inherit=false,allowForAll=false]
2020-02-04 10:11:33.18 DEBUG content 9720 _a-0000e2cb-d2c4-8000-23f0-01ef9001ef90_45302 Processing reference: ContentRole[name=denyAdministrators,inherit=false,allowForAll=false]
2020-02-04 10:11:33.18 DEBUG content 9720 _a-0000e2cb-d2c4-8000-23f0-01ef9001ef90_45302 Completing produce.
2020-02-04 10:11:33.18 DEBUG content 9720 _a-0000e2cb-d2c4-8000-23f0-01ef9001ef90_45302 Exporting binary resources.
2020-02-04 10:11:33.18 DEBUG content 9720 _a-0000e2cb-d2c4-8000-23f0-01ef9001ef90_45302 Serializing object to XML.
2020-02-04 10:11:33.185 DEBUG content 9720 _a-0000e2cb-d2c4-8000-23f0-01ef9001ef90_45302 Object transported.
2020-02-04 10:11:33.185 DEBUG content 9721 _a-0000e2cb-d2c4-8000-23f0-01ef9001ef90_45308 Begin transport.
2020-02-04 10:11:33.185 DEBUG content 9721 _a-0000e2cb-d2c4-8000-23f0-01ef9001ef90_45308 Retrieving object data.
2020-02-04 10:11:33.195 DEBUG content 9721 _a-0000e2cb-d2c4-8000-23f0-01ef9001ef90_45308 Setting uuids of object references.
2020-02-04 10:11:33.195 DEBUG content 9721 _a-0000e2cb-d2c4-8000-23f0-01ef9001ef90_45308 Processing reference: [Content:id=9721,versionId=-1,name=PS_CUSOMER_1,type=32,subtype=0,uuid=_a-0000e2cb-d2c4-8000-23f0-01ef9001ef90_45308,parent=9716]
2020-02-04 10:11:33.195 DEBUG content 9721 _a-0000e2cb-d2c4-8000-23f0-01ef9001ef90_45308 Processing reference: Constant.forum
2020-02-04 10:11:33.196 DEBUG content 9721 _a-0000e2cb-d2c4-8000-23f0-01ef9001ef90_45308 Processing reference: Constant.parent
2020-02-04 10:11:33.199 DEBUG content 9721 _a-0000e2cb-d2c4-8000-23f0-01ef9001ef90_45308 Processing reference: com.appiancorp.suiteapi.content.ContentRoleMap@7b9e442e[
  ContentRole[name=readers,inherit=true,allowForAll=false]
  ContentRole[name=authors,inherit=true,allowForAll=false]
  ContentRole[name=administrators,inherit=true,allowForAll=false]
  ContentRole[name=denyReaders,inherit=false,allowForAll=false]
  ContentRole[name=denyAuthors,inherit=false,allowForAll=false]
  ContentRole[name=denyAdministrators,inherit=false,allowForAll=false]
  securityVector=15:SEC_PUBLIC=true,SEC_CREATOR_ADMIN=false,SEC_INH_ADMIN=true,SEC_INH_EDITOR=true,SEC_INH_VIEWER=true,SEC_ALL_ADMIN=false,SEC_ALL_EDITOR=false,SEC_ALL_VIEWER=false
]
2020-02-04 10:11:33.199 DEBUG content 9721 _a-0000e2cb-d2c4-8000-23f0-01ef9001ef90_45308 Processing reference: ContentRole[name=readers,inherit=true,allowForAll=false]
2020-02-04 10:11:33.199 DEBUG content 9721 _a-0000e2cb-d2c4-8000-23f0-01ef9001ef90_45308 Processing reference: ContentRole[name=authors,inherit=true,allowForAll=false]
2020-02-04 10:11:33.199 DEBUG content 9721 _a-0000e2cb-d2c4-8000-23f0-01ef9001ef90_45308 Processing reference: ContentRole[name=administrators,inherit=true,allowForAll=false]
2020-02-04 10:11:33.199 DEBUG content 9721 _a-0000e2cb-d2c4-8000-23f0-01ef9001ef90_45308 Processing reference: ContentRole[name=denyReaders,inherit=false,allowForAll=false]
2020-02-04 10:11:33.199 DEBUG content 9721 _a-0000e2cb-d2c4-8000-23f0-01ef9001ef90_45308 Processing reference: ContentRole[name=denyAuthors,inherit=false,allowForAll=false]
2020-02-04 10:11:33.199 DEBUG content 9721 _a-0000e2cb-d2c4-8000-23f0-01ef9001ef90_45308 Processing reference: ContentRole[name=denyAdministrators,inherit=false,allowForAll=false]
2020-02-04 10:11:33.2 DEBUG content 9721 _a-0000e2cb-d2c4-8000-23f0-01ef9001ef90_45308 Completing produce.
2020-02-04 10:11:33.2 DEBUG content 9721 _a-0000e2cb-d2c4-8000-23f0-01ef9001ef90_45308 Exporting binary resources.
2020-02-04 10:11:33.2 DEBUG content 9721 _a-0000e2cb-d2c4-8000-23f0-01ef9001ef90_45308 Serializing object to XML.
2020-02-04 10:11:33.205 DEBUG content 9721 _a-0000e2cb-d2c4-8000-23f0-01ef9001ef90_45308 Object transported.
2020-02-04 10:11:33.205 DEBUG content 9722 _a-0000e2cb-d2c4-8000-23f0-01ef9001ef90_45468 Begin transport.
2020-02-04 10:11:33.205 DEBUG content 9722 _a-0000e2cb-d2c4-8000-23f0-01ef9001ef90_45468 Retrieving object data.
2020-02-04 10:11:33.224 DEBUG content 9722 _a-0000e2cb-d2c4-8000-23f0-01ef9001ef90_45468 Setting uuids of object references.
2020-02-04 10:11:33.224 DEBUG content 9722 _a-0000e2cb-d2c4-8000-23f0-01ef9001ef90_45468 Processing reference: [Content:id=9722,versionId=-1,name=PS_GetEmployee,type=32,subtype=1,uuid=_a-0000e2cb-d2c4-8000-23f0-01ef9001ef90_45468,parent=9716]
2020-02-04 10:11:33.224 DEBUG content 9722 _a-0000e2cb-d2c4-8000-23f0-01ef9001ef90_45468 Processing reference: FreeformRule.forum
2020-02-04 10:11:33.225 DEBUG content 9722 _a-0000e2cb-d2c4-8000-23f0-01ef9001ef90_45468 Processing reference: TypedVariable[name=fName,it=3,v=]
2020-02-04 10:11:33.225 DEBUG content 9722 _a-0000e2cb-d2c4-8000-23f0-01ef9001ef90_45468 Processing reference: TypedVariable[name=lName,it=3,v=]
2020-02-04 10:11:33.225 DEBUG content 9722 _a-0000e2cb-d2c4-8000-23f0-01ef9001ef90_45468 Processing reference: FreeformRule.parent
2020-02-04 10:11:33.228 DEBUG content 9722 _a-0000e2cb-d2c4-8000-23f0-01ef9001ef90_45468 Processing reference: com.appiancorp.suiteapi.content.ContentRoleMap@72098a3e[
  ContentRole[name=readers,inherit=true,allowForAll=false]
  ContentRole[name=authors,inherit=true,allowForAll=false]
  ContentRole[name=administrators,inherit=true,allowForAll=false]
  ContentRole[name=denyReaders,inherit=false,allowForAll=false]
  ContentRole[name=denyAuthors,inherit=false,allowForAll=false]
  ContentRole[name=denyAdministrators,inherit=false,allowForAll=false]
  securityVector=15:SEC_PUBLIC=true,SEC_CREATOR_ADMIN=false,SEC_INH_ADMIN=true,SEC_INH_EDITOR=true,SEC_INH_VIEWER=true,SEC_ALL_ADMIN=false,SEC_ALL_EDITOR=false,SEC_ALL_VIEWER=false
]
2020-02-04 10:11:33.228 DEBUG content 9722 _a-0000e2cb-d2c4-8000-23f0-01ef9001ef90_45468 Processing reference: ContentRole[name=readers,inherit=true,allowForAll=false]
2020-02-04 10:11:33.229 DEBUG content 9722 _a-0000e2cb-d2c4-8000-23f0-01ef9001ef90_45468 Processing reference: ContentRole[name=authors,inherit=true,allowForAll=false]
2020-02-04 10:11:33.229 DEBUG content 9722 _a-0000e2cb-d2c4-8000-23f0-01ef9001ef90_45468 Processing reference: ContentRole[name=administrators,inherit=true,allowForAll=false]
2020-02-04 10:11:33.229 DEBUG content 9722 _a-0000e2cb-d2c4-8000-23f0-01ef9001ef90_45468 Processing reference: ContentRole[name=denyReaders,inherit=false,allowForAll=false]
2020-02-04 10:11:33.229 DEBUG content 9722 _a-0000e2cb-d2c4-8000-23f0-01ef9001ef90_45468 Processing reference: ContentRole[name=denyAuthors,inherit=false,allowForAll=false]
2020-02-04 10:11:33.229 DEBUG content 9722 _a-0000e2cb-d2c4-8000-23f0-01ef9001ef90_45468 Processing reference: ContentRole[name=denyAdministrators,inherit=false,allowForAll=false]
2020-02-04 10:11:33.234 DEBUG content 9722 _a-0000e2cb-d2c4-8000-23f0-01ef9001ef90_45468 Completing produce.
2020-02-04 10:11:33.234 DEBUG content 9722 _a-0000e2cb-d2c4-8000-23f0-01ef9001ef90_45468 Exporting binary resources.
2020-02-04 10:11:33.234 DEBUG content 9722 _a-0000e2cb-d2c4-8000-23f0-01ef9001ef90_45468 Serializing object to XML.
2020-02-04 10:11:33.245 DEBUG content 9722 _a-0000e2cb-d2c4-8000-23f0-01ef9001ef90_45468 Object transported.
2020-02-04 10:11:33.245 DEBUG content 9723 _a-0000e2cb-d2c4-8000-23f0-01ef9001ef90_45488 Begin transport.
2020-02-04 10:11:33.245 DEBUG content 9723 _a-0000e2cb-d2c4-8000-23f0-01ef9001ef90_45488 Retrieving object data.
2020-02-04 10:11:33.262 DEBUG content 9723 _a-0000e2cb-d2c4-8000-23f0-01ef9001ef90_45488 Setting uuids of object references.
2020-02-04 10:11:33.262 DEBUG content 9723 _a-0000e2cb-d2c4-8000-23f0-01ef9001ef90_45488 Processing reference: [Content:id=9723,versionId=-1,name=PS_getCustomer,type=32,subtype=1,uuid=_a-0000e2cb-d2c4-8000-23f0-01ef9001ef90_45488,parent=9716]
2020-02-04 10:11:33.263 DEBUG content 9723 _a-0000e2cb-d2c4-8000-23f0-01ef9001ef90_45488 Processing reference: FreeformRule.forum
2020-02-04 10:11:33.263 DEBUG content 9723 _a-0000e2cb-d2c4-8000-23f0-01ef9001ef90_45488 Processing reference: TypedVariable[name=name,it=3,v=]
2020-02-04 10:11:33.263 DEBUG content 9723 _a-0000e2cb-d2c4-8000-23f0-01ef9001ef90_45488 Processing reference: FreeformRule.parent
2020-02-04 10:11:33.266 DEBUG content 9723 _a-0000e2cb-d2c4-8000-23f0-01ef9001ef90_45488 Processing reference: com.appiancorp.suiteapi.content.ContentRoleMap@1e45245[
  ContentRole[name=readers,inherit=true,allowForAll=false]
  ContentRole[name=authors,inherit=true,allowForAll=false]
  ContentRole[name=administrators,inherit=true,allowForAll=false]
  ContentRole[name=denyReaders,inherit=false,allowForAll=false]
  ContentRole[name=denyAuthors,inherit=false,allowForAll=false]
  ContentRole[name=denyAdministrators,inherit=false,allowForAll=false]
  securityVector=15:SEC_PUBLIC=true,SEC_CREATOR_ADMIN=false,SEC_INH_ADMIN=true,SEC_INH_EDITOR=true,SEC_INH_VIEWER=true,SEC_ALL_ADMIN=false,SEC_ALL_EDITOR=false,SEC_ALL_VIEWER=false
]
2020-02-04 10:11:33.266 DEBUG content 9723 _a-0000e2cb-d2c4-8000-23f0-01ef9001ef90_45488 Processing reference: ContentRole[name=readers,inherit=true,allowForAll=false]
2020-02-04 10:11:33.266 DEBUG content 9723 _a-0000e2cb-d2c4-8000-23f0-01ef9001ef90_45488 Processing reference: ContentRole[name=authors,inherit=true,allowForAll=false]
2020-02-04 10:11:33.267 DEBUG content 9723 _a-0000e2cb-d2c4-8000-23f0-01ef9001ef90_45488 Processing reference: ContentRole[name=administrators,inherit=true,allowForAll=false]
2020-02-04 10:11:33.267 DEBUG content 9723 _a-0000e2cb-d2c4-8000-23f0-01ef9001ef90_45488 Processing reference: ContentRole[name=denyReaders,inherit=false,allowForAll=false]
2020-02-04 10:11:33.267 DEBUG content 9723 _a-0000e2cb-d2c4-8000-23f0-01ef9001ef90_45488 Processing reference: ContentRole[name=denyAuthors,inherit=false,allowForAll=false]
2020-02-04 10:11:33.267 DEBUG content 9723 _a-0000e2cb-d2c4-8000-23f0-01ef9001ef90_45488 Processing reference: ContentRole[name=denyAdministrators,inherit=false,allowForAll=false]
2020-02-04 10:11:33.267 DEBUG content 9723 _a-0000e2cb-d2c4-8000-23f0-01ef9001ef90_45488 Completing produce.
2020-02-04 10:11:33.267 DEBUG content 9723 _a-0000e2cb-d2c4-8000-23f0-01ef9001ef90_45488 Exporting binary resources.
2020-02-04 10:11:33.267 DEBUG content 9723 _a-0000e2cb-d2c4-8000-23f0-01ef9001ef90_45488 Serializing object to XML.
2020-02-04 10:11:33.275 DEBUG content 9723 _a-0000e2cb-d2c4-8000-23f0-01ef9001ef90_45488 Object transported.
2020-02-04 10:11:33.275 DEBUG content 9724 _a-0000e2cb-d2c4-8000-23f0-01ef9001ef90_45569 Begin transport.
2020-02-04 10:11:33.275 DEBUG content 9724 _a-0000e2cb-d2c4-8000-23f0-01ef9001ef90_45569 Retrieving object data.
2020-02-04 10:11:33.293 DEBUG content 9724 _a-0000e2cb-d2c4-8000-23f0-01ef9001ef90_45569 Setting uuids of object references.
2020-02-04 10:11:33.293 DEBUG content 9724 _a-0000e2cb-d2c4-8000-23f0-01ef9001ef90_45569 Processing reference: [Content:id=9724,versionId=-1,name=PS_getUsername,type=32,subtype=1,uuid=_a-0000e2cb-d2c4-8000-23f0-01ef9001ef90_45569,parent=9716]
2020-02-04 10:11:33.294 DEBUG content 9724 _a-0000e2cb-d2c4-8000-23f0-01ef9001ef90_45569 Processing reference: FreeformRule.forum
2020-02-04 10:11:33.294 DEBUG content 9724 _a-0000e2cb-d2c4-8000-23f0-01ef9001ef90_45569 Processing reference: FreeformRule.parent
2020-02-04 10:11:33.298 DEBUG content 9724 _a-0000e2cb-d2c4-8000-23f0-01ef9001ef90_45569 Processing reference: com.appiancorp.suiteapi.content.ContentRoleMap@3556dd5[
  ContentRole[name=readers,inherit=true,allowForAll=false]
  ContentRole[name=authors,inherit=true,allowForAll=false]
  ContentRole[name=administrators,inherit=true,allowForAll=false]
  ContentRole[name=denyReaders,inherit=false,allowForAll=false]
  ContentRole[name=denyAuthors,inherit=false,allowForAll=false]
  ContentRole[name=denyAdministrators,inherit=false,allowForAll=false]
  securityVector=15:SEC_PUBLIC=true,SEC_CREATOR_ADMIN=false,SEC_INH_ADMIN=true,SEC_INH_EDITOR=true,SEC_INH_VIEWER=true,SEC_ALL_ADMIN=false,SEC_ALL_EDITOR=false,SEC_ALL_VIEWER=false
]
2020-02-04 10:11:33.298 DEBUG content 9724 _a-0000e2cb-d2c4-8000-23f0-01ef9001ef90_45569 Processing reference: ContentRole[name=readers,inherit=true,allowForAll=false]
2020-02-04 10:11:33.298 DEBUG content 9724 _a-0000e2cb-d2c4-8000-23f0-01ef9001ef90_45569 Processing reference: ContentRole[name=authors,inherit=true,allowForAll=false]
2020-02-04 10:11:33.298 DEBUG content 9724 _a-0000e2cb-d2c4-8000-23f0-01ef9001ef90_45569 Processing reference: ContentRole[name=administrators,inherit=true,allowForAll=false]
2020-02-04 10:11:33.298 DEBUG content 9724 _a-0000e2cb-d2c4-8000-23f0-01ef9001ef90_45569 Processing reference: ContentRole[name=denyReaders,inherit=false,allowForAll=false]
2020-02-04 10:11:33.298 DEBUG content 9724 _a-0000e2cb-d2c4-8000-23f0-01ef9001ef90_45569 Processing reference: ContentRole[name=denyAuthors,inherit=false,allowForAll=false]
2020-02-04 10:11:33.298 DEBUG content 9724 _a-0000e2cb-d2c4-8000-23f0-01ef9001ef90_45569 Processing reference: ContentRole[name=denyAdministrators,inherit=false,allowForAll=false]
2020-02-04 10:11:33.299 DEBUG content 9724 _a-0000e2cb-d2c4-8000-23f0-01ef9001ef90_45569 Completing produce.
2020-02-04 10:11:33.299 DEBUG content 9724 _a-0000e2cb-d2c4-8000-23f0-01ef9001ef90_45569 Exporting binary resources.
2020-02-04 10:11:33.299 DEBUG content 9724 _a-0000e2cb-d2c4-8000-23f0-01ef9001ef90_45569 Serializing object to XML.
2020-02-04 10:11:33.305 DEBUG content 9724 _a-0000e2cb-d2c4-8000-23f0-01ef9001ef90_45569 Object transported.
2020-02-04 10:11:33.305 DEBUG content 9725 _a-0000e2cb-d2c4-8000-23f0-01ef9001ef90_45632 Begin transport.
2020-02-04 10:11:33.305 DEBUG content 9725 _a-0000e2cb-d2c4-8000-23f0-01ef9001ef90_45632 Retrieving object data.
2020-02-04 10:11:33.316 DEBUG content 9725 _a-0000e2cb-d2c4-8000-23f0-01ef9001ef90_45632 Setting uuids of object references.
2020-02-04 10:11:33.316 DEBUG content 9725 _a-0000e2cb-d2c4-8000-23f0-01ef9001ef90_45632 Processing reference: [Content:id=9725,versionId=-1,name=PS_uiSectionCapturePaymentDetails,type=32,subtype=6,uuid=_a-0000e2cb-d2c4-8000-23f0-01ef9001ef90_45632,parent=9716]
2020-02-04 10:11:33.317 DEBUG content 9725 _a-0000e2cb-d2c4-8000-23f0-01ef9001ef90_45632 Processing reference: Interface.forum
2020-02-04 10:11:33.317 DEBUG content 9725 _a-0000e2cb-d2c4-8000-23f0-01ef9001ef90_45632 Processing reference: TypedVariable[name=fname,it=3,v=]
2020-02-04 10:11:33.317 DEBUG content 9725 _a-0000e2cb-d2c4-8000-23f0-01ef9001ef90_45632 Processing reference: TypedVariable[name=lname,it=3,v=]
2020-02-04 10:11:33.318 DEBUG content 9725 _a-0000e2cb-d2c4-8000-23f0-01ef9001ef90_45632 Processing reference: TypedVariable[name=date,it=3,v=]
2020-02-04 10:11:33.318 DEBUG content 9725 _a-0000e2cb-d2c4-8000-23f0-01ef9001ef90_45632 Processing reference: TypedVariable[name=comments,it=3,v=]
2020-02-04 10:11:33.318 DEBUG content 9725 _a-0000e2cb-d2c4-8000-23f0-01ef9001ef90_45632 Processing reference: TypedVariable[name=btnAction,it=3,v=]
2020-02-04 10:11:33.318 DEBUG content 9725 _a-0000e2cb-d2c4-8000-23f0-01ef9001ef90_45632 Processing reference: Interface.parent
2020-02-04 10:11:33.321 DEBUG content 9725 _a-0000e2cb-d2c4-8000-23f0-01ef9001ef90_45632 Processing reference: com.appiancorp.suiteapi.content.ContentRoleMap@12d952c2[
  ContentRole[name=readers,inherit=true,allowForAll=false]
  ContentRole[name=authors,inherit=true,allowForAll=false]
  ContentRole[name=administrators,inherit=true,allowForAll=false]
  ContentRole[name=denyReaders,inherit=false,allowForAll=false]
  ContentRole[name=denyAuthors,inherit=false,allowForAll=false]
  ContentRole[name=denyAdministrators,inherit=false,allowForAll=false]
  securityVector=15:SEC_PUBLIC=true,SEC_CREATOR_ADMIN=false,SEC_INH_ADMIN=true,SEC_INH_EDITOR=true,SEC_INH_VIEWER=true,SEC_ALL_ADMIN=false,SEC_ALL_EDITOR=false,SEC_ALL_VIEWER=false
]
2020-02-04 10:11:33.321 DEBUG content 9725 _a-0000e2cb-d2c4-8000-23f0-01ef9001ef90_45632 Processing reference: ContentRole[name=readers,inherit=true,allowForAll=false]
2020-02-04 10:11:33.321 DEBUG content 9725 _a-0000e2cb-d2c4-8000-23f0-01ef9001ef90_45632 Processing reference: ContentRole[name=authors,inherit=true,allowForAll=false]
2020-02-04 10:11:33.321 DEBUG content 9725 _a-0000e2cb-d2c4-8000-23f0-01ef9001ef90_45632 Processing reference: ContentRole[name=administrators,inherit=true,allowForAll=false]
2020-02-04 10:11:33.321 DEBUG content 9725 _a-0000e2cb-d2c4-8000-23f0-01ef9001ef90_45632 Processing reference: ContentRole[name=denyReaders,inherit=false,allowForAll=false]
2020-02-04 10:11:33.321 DEBUG content 9725 _a-0000e2cb-d2c4-8000-23f0-01ef9001ef90_45632 Processing reference: ContentRole[name=denyAuthors,inherit=false,allowForAll=false]
2020-02-04 10:11:33.321 DEBUG content 9725 _a-0000e2cb-d2c4-8000-23f0-01ef9001ef90_45632 Processing reference: ContentRole[name=denyAdministrators,inherit=false,allowForAll=false]
2020-02-04 10:11:33.322 DEBUG content 9725 _a-0000e2cb-d2c4-8000-23f0-01ef9001ef90_45632 Completing produce.
2020-02-04 10:11:33.322 DEBUG content 9725 _a-0000e2cb-d2c4-8000-23f0-01ef9001ef90_45632 Exporting binary resources.
2020-02-04 10:11:33.322 DEBUG content 9725 _a-0000e2cb-d2c4-8000-23f0-01ef9001ef90_45632 Serializing object to XML.
2020-02-04 10:11:33.336 DEBUG content 9725 _a-0000e2cb-d2c4-8000-23f0-01ef9001ef90_45632 Object transported.
2020-02-04 10:11:33.336 DEBUG content 9726 _a-0000e2cb-d2c4-8000-23f0-01ef9001ef90_45665 Begin transport.
2020-02-04 10:11:33.336 DEBUG content 9726 _a-0000e2cb-d2c4-8000-23f0-01ef9001ef90_45665 Retrieving object data.
2020-02-04 10:11:33.347 DEBUG content 9726 _a-0000e2cb-d2c4-8000-23f0-01ef9001ef90_45665 Setting uuids of object references.
2020-02-04 10:11:33.347 DEBUG content 9726 _a-0000e2cb-d2c4-8000-23f0-01ef9001ef90_45665 Processing reference: [Content:id=9726,versionId=-1,name=PAS_getCustomer,type=32,subtype=1,uuid=_a-0000e2cb-d2c4-8000-23f0-01ef9001ef90_45665,parent=9716]
2020-02-04 10:11:33.347 DEBUG content 9726 _a-0000e2cb-d2c4-8000-23f0-01ef9001ef90_45665 Processing reference: FreeformRule.forum
2020-02-04 10:11:33.348 DEBUG content 9726 _a-0000e2cb-d2c4-8000-23f0-01ef9001ef90_45665 Processing reference: FreeformRule.parent
2020-02-04 10:11:33.351 DEBUG content 9726 _a-0000e2cb-d2c4-8000-23f0-01ef9001ef90_45665 Processing reference: com.appiancorp.suiteapi.content.ContentRoleMap@1ed6e9ca[
  ContentRole[name=readers,inherit=true,allowForAll=false]
  ContentRole[name=authors,inherit=true,allowForAll=false]
  ContentRole[name=administrators,inherit=true,allowForAll=false]
  ContentRole[name=denyReaders,inherit=false,allowForAll=false]
  ContentRole[name=denyAuthors,inherit=false,allowForAll=false]
  ContentRole[name=denyAdministrators,inherit=false,allowForAll=false]
  securityVector=15:SEC_PUBLIC=true,SEC_CREATOR_ADMIN=false,SEC_INH_ADMIN=true,SEC_INH_EDITOR=true,SEC_INH_VIEWER=true,SEC_ALL_ADMIN=false,SEC_ALL_EDITOR=false,SEC_ALL_VIEWER=false
]
2020-02-04 10:11:33.351 DEBUG content 9726 _a-0000e2cb-d2c4-8000-23f0-01ef9001ef90_45665 Processing reference: ContentRole[name=readers,inherit=true,allowForAll=false]
2020-02-04 10:11:33.351 DEBUG content 9726 _a-0000e2cb-d2c4-8000-23f0-01ef9001ef90_45665 Processing reference: ContentRole[name=authors,inherit=true,allowForAll=false]
2020-02-04 10:11:33.351 DEBUG content 9726 _a-0000e2cb-d2c4-8000-23f0-01ef9001ef90_45665 Processing reference: ContentRole[name=administrators,inherit=true,allowForAll=false]
2020-02-04 10:11:33.351 DEBUG content 9726 _a-0000e2cb-d2c4-8000-23f0-01ef9001ef90_45665 Processing reference: ContentRole[name=denyReaders,inherit=false,allowForAll=false]
2020-02-04 10:11:33.351 DEBUG content 9726 _a-0000e2cb-d2c4-8000-23f0-01ef9001ef90_45665 Processing reference: ContentRole[name=denyAuthors,inherit=false,allowForAll=false]
2020-02-04 10:11:33.351 DEBUG content 9726 _a-0000e2cb-d2c4-8000-23f0-01ef9001ef90_45665 Processing reference: ContentRole[name=denyAdministrators,inherit=false,allowForAll=false]
2020-02-04 10:11:33.351 DEBUG content 9726 _a-0000e2cb-d2c4-8000-23f0-01ef9001ef90_45665 Completing produce.
2020-02-04 10:11:33.351 DEBUG content 9726 _a-0000e2cb-d2c4-8000-23f0-01ef9001ef90_45665 Exporting binary resources.
2020-02-04 10:11:33.351 DEBUG content 9726 _a-0000e2cb-d2c4-8000-23f0-01ef9001ef90_45665 Serializing object to XML.
2020-02-04 10:11:33.352 DEBUG content 9726 _a-0000e2cb-d2c4-8000-23f0-01ef9001ef90_45665 Object transported.
2020-02-04 10:11:33.352 DEBUG content 9727 _a-0000e2cb-d2c4-8000-23f0-01ef9001ef90_45671 Begin transport.
2020-02-04 10:11:33.352 DEBUG content 9727 _a-0000e2cb-d2c4-8000-23f0-01ef9001ef90_45671 Retrieving object data.
2020-02-04 10:11:33.362 DEBUG content 9727 _a-0000e2cb-d2c4-8000-23f0-01ef9001ef90_45671 Setting uuids of object references.
2020-02-04 10:11:33.363 DEBUG content 9727 _a-0000e2cb-d2c4-8000-23f0-01ef9001ef90_45671 Processing reference: [Content:id=9727,versionId=-1,name=PAS_getPrimaryDetails,type=32,subtype=1,uuid=_a-0000e2cb-d2c4-8000-23f0-01ef9001ef90_45671,parent=9716]
2020-02-04 10:11:33.363 DEBUG content 9727 _a-0000e2cb-d2c4-8000-23f0-01ef9001ef90_45671 Processing reference: FreeformRule.forum
2020-02-04 10:11:33.363 DEBUG content 9727 _a-0000e2cb-d2c4-8000-23f0-01ef9001ef90_45671 Processing reference: FreeformRule.parent
2020-02-04 10:11:33.366 DEBUG content 9727 _a-0000e2cb-d2c4-8000-23f0-01ef9001ef90_45671 Processing reference: com.appiancorp.suiteapi.content.ContentRoleMap@22036a97[
  ContentRole[name=readers,inherit=true,allowForAll=false]
  ContentRole[name=authors,inherit=true,allowForAll=false]
  ContentRole[name=administrators,inherit=true,allowForAll=false]
  ContentRole[name=denyReaders,inherit=false,allowForAll=false]
  ContentRole[name=denyAuthors,inherit=false,allowForAll=false]
  ContentRole[name=denyAdministrators,inherit=false,allowForAll=false]
  securityVector=15:SEC_PUBLIC=true,SEC_CREATOR_ADMIN=false,SEC_INH_ADMIN=true,SEC_INH_EDITOR=true,SEC_INH_VIEWER=true,SEC_ALL_ADMIN=false,SEC_ALL_EDITOR=false,SEC_ALL_VIEWER=false
]
2020-02-04 10:11:33.366 DEBUG content 9727 _a-0000e2cb-d2c4-8000-23f0-01ef9001ef90_45671 Processing reference: ContentRole[name=readers,inherit=true,allowForAll=false]
2020-02-04 10:11:33.366 DEBUG content 9727 _a-0000e2cb-d2c4-8000-23f0-01ef9001ef90_45671 Processing reference: ContentRole[name=authors,inherit=true,allowForAll=false]
2020-02-04 10:11:33.366 DEBUG content 9727 _a-0000e2cb-d2c4-8000-23f0-01ef9001ef90_45671 Processing reference: ContentRole[name=administrators,inherit=true,allowForAll=false]
2020-02-04 10:11:33.367 DEBUG content 9727 _a-0000e2cb-d2c4-8000-23f0-01ef9001ef90_45671 Processing reference: ContentRole[name=denyReaders,inherit=false,allowForAll=false]
2020-02-04 10:11:33.367 DEBUG content 9727 _a-0000e2cb-d2c4-8000-23f0-01ef9001ef90_45671 Processing reference: ContentRole[name=denyAuthors,inherit=false,allowForAll=false]
2020-02-04 10:11:33.367 DEBUG content 9727 _a-0000e2cb-d2c4-8000-23f0-01ef9001ef90_45671 Processing reference: ContentRole[name=denyAdministrators,inherit=false,allowForAll=false]
2020-02-04 10:11:33.367 DEBUG content 9727 _a-0000e2cb-d2c4-8000-23f0-01ef9001ef90_45671 Completing produce.
2020-02-04 10:11:33.367 DEBUG content 9727 _a-0000e2cb-d2c4-8000-23f0-01ef9001ef90_45671 Exporting binary resources.
2020-02-04 10:11:33.367 DEBUG content 9727 _a-0000e2cb-d2c4-8000-23f0-01ef9001ef90_45671 Serializing object to XML.
2020-02-04 10:11:33.367 DEBUG content 9727 _a-0000e2cb-d2c4-8000-23f0-01ef9001ef90_45671 Object transported.
2020-02-04 10:11:33.367 DEBUG content 9728 _a-0000e2cb-d2c4-8000-23f0-01ef9001ef90_45677 Begin transport.
2020-02-04 10:11:33.367 DEBUG content 9728 _a-0000e2cb-d2c4-8000-23f0-01ef9001ef90_45677 Retrieving object data.
2020-02-04 10:11:33.378 DEBUG content 9728 _a-0000e2cb-d2c4-8000-23f0-01ef9001ef90_45677 Setting uuids of object references.
2020-02-04 10:11:33.378 DEBUG content 9728 _a-0000e2cb-d2c4-8000-23f0-01ef9001ef90_45677 Processing reference: [Content:id=9728,versionId=-1,name=PAS_CUSTOMER_ID,type=32,subtype=0,uuid=_a-0000e2cb-d2c4-8000-23f0-01ef9001ef90_45677,parent=9716]
2020-02-04 10:11:33.378 DEBUG content 9728 _a-0000e2cb-d2c4-8000-23f0-01ef9001ef90_45677 Processing reference: Constant.forum
2020-02-04 10:11:33.379 DEBUG content 9728 _a-0000e2cb-d2c4-8000-23f0-01ef9001ef90_45677 Processing reference: Constant.parent
2020-02-04 10:11:33.382 DEBUG content 9728 _a-0000e2cb-d2c4-8000-23f0-01ef9001ef90_45677 Processing reference: com.appiancorp.suiteapi.content.ContentRoleMap@5317d61f[
  ContentRole[name=readers,inherit=true,allowForAll=false]
  ContentRole[name=authors,inherit=true,allowForAll=false]
  ContentRole[name=administrators,inherit=true,allowForAll=false]
  ContentRole[name=denyReaders,inherit=false,allowForAll=false]
  ContentRole[name=denyAuthors,inherit=false,allowForAll=false]
  ContentRole[name=denyAdministrators,inherit=false,allowForAll=false]
  securityVector=15:SEC_PUBLIC=true,SEC_CREATOR_ADMIN=false,SEC_INH_ADMIN=true,SEC_INH_EDITOR=true,SEC_INH_VIEWER=true,SEC_ALL_ADMIN=false,SEC_ALL_EDITOR=false,SEC_ALL_VIEWER=false
]
2020-02-04 10:11:33.382 DEBUG content 9728 _a-0000e2cb-d2c4-8000-23f0-01ef9001ef90_45677 Processing reference: ContentRole[name=readers,inherit=true,allowForAll=false]
2020-02-04 10:11:33.382 DEBUG content 9728 _a-0000e2cb-d2c4-8000-23f0-01ef9001ef90_45677 Processing reference: ContentRole[name=authors,inherit=true,allowForAll=false]
2020-02-04 10:11:33.382 DEBUG content 9728 _a-0000e2cb-d2c4-8000-23f0-01ef9001ef90_45677 Processing reference: ContentRole[name=administrators,inherit=true,allowForAll=false]
2020-02-04 10:11:33.382 DEBUG content 9728 _a-0000e2cb-d2c4-8000-23f0-01ef9001ef90_45677 Processing reference: ContentRole[name=denyReaders,inherit=false,allowForAll=false]
2020-02-04 10:11:33.382 DEBUG content 9728 _a-0000e2cb-d2c4-8000-23f0-01ef9001ef90_45677 Processing reference: ContentRole[name=denyAuthors,inherit=false,allowForAll=false]
2020-02-04 10:11:33.382 DEBUG content 9728 _a-0000e2cb-d2c4-8000-23f0-01ef9001ef90_45677 Processing reference: ContentRole[name=denyAdministrators,inherit=false,allowForAll=false]
2020-02-04 10:11:33.383 DEBUG content 9728 _a-0000e2cb-d2c4-8000-23f0-01ef9001ef90_45677 Completing produce.
2020-02-04 10:11:33.383 DEBUG content 9728 _a-0000e2cb-d2c4-8000-23f0-01ef9001ef90_45677 Exporting binary resources.
2020-02-04 10:11:33.383 DEBUG content 9728 _a-0000e2cb-d2c4-8000-23f0-01ef9001ef90_45677 Serializing object to XML.
2020-02-04 10:11:33.388 DEBUG content 9728 _a-0000e2cb-d2c4-8000-23f0-01ef9001ef90_45677 Object transported.
2020-02-04 10:11:33.388 DEBUG content 10116 _a-0000e363-95bf-8000-e9cb-01ef9001ef90_57005 Begin transport.
2020-02-04 10:11:33.388 DEBUG content 10116 _a-0000e363-95bf-8000-e9cb-01ef9001ef90_57005 Retrieving object data.
2020-02-04 10:11:33.4 DEBUG content 10116 _a-0000e363-95bf-8000-e9cb-01ef9001ef90_57005 Setting uuids of object references.
2020-02-04 10:11:33.4 DEBUG content 10116 _a-0000e363-95bf-8000-e9cb-01ef9001ef90_57005 Processing reference: [Content:id=10113,versionId=-1,name=PAY_TEstRule,type=32,subtype=1,uuid=_a-0000e363-95bf-8000-e9cb-01ef9001ef90_57005,parent=9716]
2020-02-04 10:11:33.4 DEBUG content 10116 _a-0000e363-95bf-8000-e9cb-01ef9001ef90_57005 Processing reference: FreeformRule.forum
2020-02-04 10:11:33.4 DEBUG content 10116 _a-0000e363-95bf-8000-e9cb-01ef9001ef90_57005 Processing reference: FreeformRule.parent
2020-02-04 10:11:33.404 DEBUG content 10116 _a-0000e363-95bf-8000-e9cb-01ef9001ef90_57005 Processing reference: com.appiancorp.suiteapi.content.ContentRoleMap@720cb211[
  ContentRole[name=readers,inherit=true,allowForAll=false]
  ContentRole[name=authors,inherit=true,allowForAll=false]
  ContentRole[name=administrators,inherit=true,allowForAll=false]
  ContentRole[name=denyReaders,inherit=false,allowForAll=false]
  ContentRole[name=denyAuthors,inherit=false,allowForAll=false]
  ContentRole[name=denyAdministrators,inherit=false,allowForAll=false]
  securityVector=15:SEC_PUBLIC=true,SEC_CREATOR_ADMIN=false,SEC_INH_ADMIN=true,SEC_INH_EDITOR=true,SEC_INH_VIEWER=true,SEC_ALL_ADMIN=false,SEC_ALL_EDITOR=false,SEC_ALL_VIEWER=false
]
2020-02-04 10:11:33.404 DEBUG content 10116 _a-0000e363-95bf-8000-e9cb-01ef9001ef90_57005 Processing reference: ContentRole[name=readers,inherit=true,allowForAll=false]
2020-02-04 10:11:33.404 DEBUG content 10116 _a-0000e363-95bf-8000-e9cb-01ef9001ef90_57005 Processing reference: ContentRole[name=authors,inherit=true,allowForAll=false]
2020-02-04 10:11:33.404 DEBUG content 10116 _a-0000e363-95bf-8000-e9cb-01ef9001ef90_57005 Processing reference: ContentRole[name=administrators,inherit=true,allowForAll=false]
2020-02-04 10:11:33.404 DEBUG content 10116 _a-0000e363-95bf-8000-e9cb-01ef9001ef90_57005 Processing reference: ContentRole[name=denyReaders,inherit=false,allowForAll=false]
2020-02-04 10:11:33.404 DEBUG content 10116 _a-0000e363-95bf-8000-e9cb-01ef9001ef90_57005 Processing reference: ContentRole[name=denyAuthors,inherit=false,allowForAll=false]
2020-02-04 10:11:33.404 DEBUG content 10116 _a-0000e363-95bf-8000-e9cb-01ef9001ef90_57005 Processing reference: ContentRole[name=denyAdministrators,inherit=false,allowForAll=false]
2020-02-04 10:11:33.404 DEBUG content 10116 _a-0000e363-95bf-8000-e9cb-01ef9001ef90_57005 Completing produce.
2020-02-04 10:11:33.404 DEBUG content 10116 _a-0000e363-95bf-8000-e9cb-01ef9001ef90_57005 Exporting binary resources.
2020-02-04 10:11:33.404 DEBUG content 10116 _a-0000e363-95bf-8000-e9cb-01ef9001ef90_57005 Serializing object to XML.
2020-02-04 10:11:33.405 DEBUG content 10116 _a-0000e363-95bf-8000-e9cb-01ef9001ef90_57005 Object transported.
2020-02-04 10:11:33.405 DEBUG content 10117 75038c12-6af1-41f4-83d2-8e0ddd8e69f2 Begin transport.
2020-02-04 10:11:33.405 DEBUG content 10117 75038c12-6af1-41f4-83d2-8e0ddd8e69f2 Retrieving object data.
2020-02-04 10:11:33.415 DEBUG content 10117 75038c12-6af1-41f4-83d2-8e0ddd8e69f2 Setting uuids of object references.
2020-02-04 10:11:33.415 DEBUG content 10117 75038c12-6af1-41f4-83d2-8e0ddd8e69f2 Processing reference: [Content:id=10115,versionId=-1,name=TEstInteg,type=32,subtype=5,uuid=75038c12-6af1-41f4-83d2-8e0ddd8e69f2,parent=9716]
2020-02-04 10:11:33.417 DEBUG content 10117 75038c12-6af1-41f4-83d2-8e0ddd8e69f2 Processing reference: OutboundIntegration.configParametersForJaxb
2020-02-04 10:11:33.417 DEBUG content 10117 75038c12-6af1-41f4-83d2-8e0ddd8e69f2 Processing reference: OutboundIntegration.forum
2020-02-04 10:11:33.423 DEBUG content 10117 75038c12-6af1-41f4-83d2-8e0ddd8e69f2 Processing reference: OutboundIntegration.integrationOutputsAsTypedValue
2020-02-04 10:11:33.425 DEBUG content 10117 75038c12-6af1-41f4-83d2-8e0ddd8e69f2 Processing reference: OutboundIntegration.parent
2020-02-04 10:11:33.432 DEBUG content 10117 75038c12-6af1-41f4-83d2-8e0ddd8e69f2 Processing reference: OutboundIntegration.sharedConfigParameters
2020-02-04 10:11:33.439 DEBUG content 10117 75038c12-6af1-41f4-83d2-8e0ddd8e69f2 Processing reference: com.appiancorp.suiteapi.content.ContentRoleMap@3288e40c[
  ContentRole[name=readers,inherit=true,allowForAll=false]
  ContentRole[name=authors,inherit=true,allowForAll=false]
  ContentRole[name=administrators,inherit=true,allowForAll=false]
  ContentRole[name=denyReaders,inherit=false,allowForAll=false]
  ContentRole[name=denyAuthors,inherit=false,allowForAll=false]
  ContentRole[name=denyAdministrators,inherit=false,allowForAll=false]
  securityVector=15:SEC_PUBLIC=true,SEC_CREATOR_ADMIN=false,SEC_INH_ADMIN=true,SEC_INH_EDITOR=true,SEC_INH_VIEWER=true,SEC_ALL_ADMIN=false,SEC_ALL_EDITOR=false,SEC_ALL_VIEWER=false
]
2020-02-04 10:11:33.439 DEBUG content 10117 75038c12-6af1-41f4-83d2-8e0ddd8e69f2 Processing reference: ContentRole[name=readers,inherit=true,allowForAll=false]
2020-02-04 10:11:33.439 DEBUG content 10117 75038c12-6af1-41f4-83d2-8e0ddd8e69f2 Processing reference: ContentRole[name=authors,inherit=true,allowForAll=false]
2020-02-04 10:11:33.439 DEBUG content 10117 75038c12-6af1-41f4-83d2-8e0ddd8e69f2 Processing reference: ContentRole[name=administrators,inherit=true,allowForAll=false]
2020-02-04 10:11:33.439 DEBUG content 10117 75038c12-6af1-41f4-83d2-8e0ddd8e69f2 Processing reference: ContentRole[name=denyReaders,inherit=false,allowForAll=false]
2020-02-04 10:11:33.44 DEBUG content 10117 75038c12-6af1-41f4-83d2-8e0ddd8e69f2 Processing reference: ContentRole[name=denyAuthors,inherit=false,allowForAll=false]
2020-02-04 10:11:33.44 DEBUG content 10117 75038c12-6af1-41f4-83d2-8e0ddd8e69f2 Processing reference: ContentRole[name=denyAdministrators,inherit=false,allowForAll=false]
2020-02-04 10:11:33.442 DEBUG content 10117 75038c12-6af1-41f4-83d2-8e0ddd8e69f2 Registering export properties.
2020-02-04 10:11:33.442 DEBUG content 10117 75038c12-6af1-41f4-83d2-8e0ddd8e69f2 Completing produce.
2020-02-04 10:11:33.442 DEBUG content 10117 75038c12-6af1-41f4-83d2-8e0ddd8e69f2 Exporting binary resources.
2020-02-04 10:11:33.442 DEBUG content 10117 75038c12-6af1-41f4-83d2-8e0ddd8e69f2 Serializing object to XML.
2020-02-04 10:11:33.47 DEBUG content 10117 75038c12-6af1-41f4-83d2-8e0ddd8e69f2 Object transported.
2020-02-04 10:11:33.47 DEBUG application 9729 _a-0000e2cb-d2c4-8000-23f0-01ef9001ef90_44946 Completing produce.
2020-02-04 10:11:33.47 DEBUG application 9729 _a-0000e2cb-d2c4-8000-23f0-01ef9001ef90_44946 Exporting binary resources.
2020-02-04 10:11:33.47 DEBUG application 9729 _a-0000e2cb-d2c4-8000-23f0-01ef9001ef90_44946 Serializing object to XML.
2020-02-04 10:11:33.471 DEBUG application 9729 _a-0000e2cb-d2c4-8000-23f0-01ef9001ef90_44946 Object transported.
